<?xml version="1.0" encoding="UTF-8"?>
<!-- Generated by org.testng.reporters.JUnitXMLReporter -->
<testsuite ignored="2" hostname="TYSS-Anjali" failures="0" tests="3" name="Test" time="29.492" errors="0" timestamp="2024-11-18T23:18:40 IST">
  <testcase classname="testNG.ToLearnGroupExecution2" name="doubleClick" time="9.324"/>
  <testcase classname="testNG.ToLearnGroupExecution2" name="scroll" time="11.332"/>
  <testcase classname="testNG.ToLearnGroupExecution1" name="sendKeys" time="8.744"/>
  <testcase classname="testNG.ToLearnGroupExecution1" name="dragAndDrop" time="0.0">
    <ignored/>
  </testcase> <!-- dragAndDrop -->
  <testcase classname="testNG.ToLearnGroupExecution2" name="youtube" time="0.0">
    <ignored/>
  </testcase> <!-- youtube -->
</testsuite> <!-- Test -->
