<?xml version="1.0" encoding="UTF-8"?>
<!-- Generated by org.testng.reporters.JUnitXMLReporter -->
<testsuite ignored="0" hostname="TYSS-Anjali" failures="0" tests="5" name="Default test" time="0.107" errors="0" timestamp="2024-12-02T16:15:54 IST">
  <testcase classname="testNG.PracticeClassForTestNG" name="m1" time="0.024"/>
  <testcase classname="testNG.PracticeClassForTestNG" name="m13" time="0.005"/>
  <testcase classname="testNG.PracticeClassForTestNG" name="m20" time="0.003"/>
  <testcase classname="testNG.PracticeClassForTestNG" name="m25" time="0.001"/>
  <testcase classname="testNG.PracticeClassForTestNG" name="m33" time="0.004"/>
</testsuite> <!-- Default test -->
